[2022-07-09 21:10:11] [ INFO ] [Dentist:47] New dentist created with id: 1
[2022-07-09 21:24:05] [ ERROR] [Dentist:37] Dentist search --> NOT FOUND.
[2022-07-09 21:33:10] [ INFO ] [Dentist:47] New dentist created with id: 1
[2022-07-09 21:33:55] [ INFO ] [Dentist:49] New patient created with id: 1
[2022-07-09 21:34:38] [ ERROR] [Dentist:39] Patient search — id: 3 --> NOT FOUND.
[2022-07-09 21:37:32] [ INFO ] [Dentist:47] New dentist created with id: 1
[2022-07-09 21:38:24] [ INFO ] [Dentist:73] Dentist with id: '1' has been successfully deleted from the database
[2022-07-10 17:59:21] [ INFO ] [Dentist:47] New dentist created with id: 1
[2022-07-10 18:05:00] [ INFO ] [Dentist:47] New dentist created with id: 1
[2022-07-10 18:24:08] [ INFO ] [Dentist:49] New patient created with id: 1
[2022-07-10 18:27:21] [ INFO ] [Dentist:49] New patient created with id: 1
[2022-07-10 18:32:02] [ INFO ] [Dentist:49] New patient created with id: 1
[2022-07-10 18:33:45] [ INFO ] [Dentist:49] New patient created with id: 1
[2022-07-10 18:34:45] [ INFO ] [Dentist:49] New patient created with id: 2
[2022-07-10 18:35:06] [ INFO ] [Dentist:75] Patient with id: '2' has been successfully deleted from the database
[2022-07-10 19:07:57] [ INFO ] [Dentist:47] New dentist created with id: 1
[2022-07-10 19:08:20] [ INFO ] [Dentist:49] New patient created with id: 1
[2022-07-10 19:09:27] [ INFO ] [Dentist:47] New dentist created with id: 1
[2022-07-10 19:09:47] [ INFO ] [Dentist:49] New patient created with id: 1
[2022-07-10 19:11:10] [ INFO ] [Dentist:47] New dentist created with id: 1
[2022-07-10 19:11:37] [ INFO ] [Dentist:49] New patient created with id: 1
[2022-07-10 19:14:13] [ INFO ] [Dentist:47] New dentist created with id: 1
[2022-07-10 19:14:36] [ INFO ] [Dentist:49] New patient created with id: 1
[2022-07-10 19:16:32] [ INFO ] [Dentist:47] New dentist created with id: 1
[2022-07-10 19:16:49] [ INFO ] [Dentist:49] New patient created with id: 1
[2022-07-10 19:20:41] [ INFO ] [Dentist:47] New dentist created with id: 1
[2022-07-10 19:20:58] [ INFO ] [Dentist:49] New patient created with id: 1
[2022-07-10 19:23:45] [ INFO ] [Dentist:47] New dentist created with id: 1
[2022-07-10 19:23:59] [ INFO ] [Dentist:49] New patient created with id: 1
[2022-07-10 19:25:55] [ INFO ] [Dentist:47] New dentist created with id: 1
[2022-07-10 19:26:10] [ INFO ] [Dentist:49] New patient created with id: 1
[2022-07-10 19:29:17] [ INFO ] [Dentist:47] New dentist created with id: 1
[2022-07-10 19:29:34] [ INFO ] [Dentist:49] New patient created with id: 1
[2022-07-10 19:30:24] [ INFO ] [Dentist:47] New dentist created with id: 1
[2022-07-10 19:30:40] [ INFO ] [Dentist:49] New patient created with id: 1
[2022-07-10 19:34:17] [ INFO ] [Dentist:47] New dentist created with id: 1
[2022-07-10 19:34:31] [ INFO ] [Dentist:49] New patient created with id: 1
[2022-07-10 19:37:32] [ INFO ] [Dentist:47] New dentist created with id: 1
[2022-07-10 19:37:54] [ INFO ] [Dentist:49] New patient created with id: 1
[2022-07-10 19:40:44] [ INFO ] [Dentist:47] New dentist created with id: 1
[2022-07-10 19:41:06] [ INFO ] [Dentist:49] New patient created with id: 1
[2022-07-10 19:46:18] [ INFO ] [Dentist:47] New dentist created with id: 1
[2022-07-10 19:46:38] [ INFO ] [Dentist:49] New patient created with id: 1
[2022-07-10 19:48:57] [ INFO ] [Dentist:47] New dentist created with id: 1
[2022-07-10 19:49:13] [ INFO ] [Dentist:49] New patient created with id: 1
[2022-07-10 19:53:55] [ INFO ] [Dentist:47] New dentist created with id: 1
[2022-07-10 19:54:15] [ INFO ] [Dentist:49] New patient created with id: 1
[2022-07-10 20:00:03] [ INFO ] [Dentist:47] New dentist created with id: 1
[2022-07-10 20:00:23] [ INFO ] [Dentist:49] New patient created with id: 1
[2022-07-10 20:14:50] [ INFO ] [Dentist:49] New patient created with id: 1
[2022-07-10 20:14:59] [ INFO ] [Dentist:47] New dentist created with id: 1
[2022-07-10 20:21:32] [ INFO ] [Dentist:47] New dentist created with id: 1
[2022-07-10 20:21:47] [ INFO ] [Dentist:49] New patient created with id: 1
[2022-07-10 20:23:14] [ INFO ] [Dentist:47] New dentist created with id: 1
[2022-07-10 20:23:32] [ INFO ] [Dentist:49] New patient created with id: 1
[2022-07-10 20:32:39] [ INFO ] [Dentist:47] New dentist created with id: 1
[2022-07-10 20:32:51] [ INFO ] [Dentist:49] New patient created with id: 1
[2022-07-10 20:35:00] [ INFO ] [Dentist:47] New dentist created with id: 1
[2022-07-10 20:35:19] [ INFO ] [Dentist:49] New patient created with id: 1
[2022-07-10 20:37:30] [ INFO ] [Dentist:47] New dentist created with id: 1
[2022-07-10 20:37:44] [ INFO ] [Dentist:49] New patient created with id: 1
[2022-07-10 20:39:17] [ INFO ] [Dentist:47] New dentist created with id: 1
[2022-07-10 20:39:31] [ INFO ] [Dentist:49] New patient created with id: 1
[2022-07-10 20:41:23] [ INFO ] [Dentist:47] New dentist created with id: 1
[2022-07-10 20:41:32] [ INFO ] [Dentist:49] New patient created with id: 1
[2022-07-10 20:43:21] [ INFO ] [Dentist:47] New dentist created with id: 1
[2022-07-10 20:43:34] [ INFO ] [Dentist:49] New patient created with id: 1
[2022-07-10 20:45:24] [ INFO ] [Dentist:47] New dentist created with id: 1
[2022-07-10 20:45:41] [ INFO ] [Dentist:49] New patient created with id: 1
[2022-07-10 20:47:37] [ INFO ] [Dentist:47] New dentist created with id: 1
[2022-07-10 20:47:51] [ INFO ] [Dentist:49] New patient created with id: 1
[2022-07-10 20:49:42] [ INFO ] [Dentist:47] New dentist created with id: 1
[2022-07-10 20:49:54] [ INFO ] [Dentist:49] New patient created with id: 1
[2022-07-10 20:54:04] [ INFO ] [Dentist:47] New dentist created with id: 1
[2022-07-10 20:54:16] [ INFO ] [Dentist:49] New patient created with id: 1
[2022-07-10 20:55:41] [ INFO ] [Dentist:47] New dentist created with id: 1
[2022-07-10 20:55:54] [ INFO ] [Dentist:49] New patient created with id: 1
[2022-07-10 21:03:42] [ INFO ] [Dentist:47] New dentist created with id: 1
[2022-07-10 21:03:55] [ INFO ] [Dentist:49] New patient created with id: 1
[2022-07-10 21:05:59] [ INFO ] [Dentist:47] New dentist created with id: 1
[2022-07-10 21:06:12] [ INFO ] [Dentist:49] New patient created with id: 1
[2022-07-10 21:14:55] [ INFO ] [Dentist:47] New dentist created with id: 1
[2022-07-10 21:15:15] [ INFO ] [Dentist:49] New patient created with id: 1
[2022-07-10 21:18:58] [ INFO ] [Dentist:47] New dentist created with id: 1
[2022-07-10 21:19:17] [ INFO ] [Dentist:49] New patient created with id: 1
[2022-07-10 21:20:04] [ INFO ] [Dentist:47] New dentist created with id: 1
[2022-07-10 21:20:19] [ INFO ] [Dentist:49] New patient created with id: 1
[2022-07-10 21:23:06] [ INFO ] [Dentist:47] New dentist created with id: 1
[2022-07-10 21:23:20] [ INFO ] [Dentist:49] New patient created with id: 1
[2022-07-10 21:37:28] [ INFO ] [Dentist:47] New dentist created with id: 1
[2022-07-10 21:37:47] [ INFO ] [Dentist:49] New patient created with id: 1
[2022-07-10 21:41:12] [ INFO ] [Dentist:47] New dentist created with id: 1
[2022-07-10 21:41:28] [ INFO ] [Dentist:49] New patient created with id: 1
[2022-07-10 21:44:21] [ INFO ] [Dentist:47] New dentist created with id: 1
[2022-07-10 21:44:37] [ INFO ] [Dentist:49] New patient created with id: 1
[2022-07-10 21:48:48] [ INFO ] [Dentist:47] New dentist created with id: 1
[2022-07-10 21:49:02] [ INFO ] [Dentist:49] New patient created with id: 1
[2022-07-10 21:51:06] [ INFO ] [Dentist:47] New dentist created with id: 1
[2022-07-10 21:51:19] [ INFO ] [Dentist:49] New patient created with id: 1
[2022-07-10 21:53:20] [ INFO ] [Dentist:47] New dentist created with id: 1
[2022-07-10 21:53:37] [ INFO ] [Dentist:49] New patient created with id: 1
[2022-07-10 21:56:27] [ INFO ] [Dentist:47] New dentist created with id: 1
[2022-07-10 21:56:43] [ INFO ] [Dentist:49] New patient created with id: 1
[2022-07-10 21:58:04] [ INFO ] [Dentist:47] New dentist created with id: 1
[2022-07-10 21:58:17] [ INFO ] [Dentist:49] New patient created with id: 1
[2022-07-10 22:05:46] [ INFO ] [Dentist:47] New dentist created with id: 1
[2022-07-10 22:06:02] [ INFO ] [Dentist:49] New patient created with id: 1
[2022-07-10 22:11:10] [ INFO ] [Dentist:47] New dentist created with id: 1
[2022-07-10 22:11:21] [ INFO ] [Dentist:49] New patient created with id: 1
[2022-07-10 22:12:30] [ INFO ] [Dentist:47] New dentist created with id: 1
[2022-07-10 22:12:44] [ INFO ] [Dentist:49] New patient created with id: 1
[2022-07-10 22:24:05] [ INFO ] [Dentist:47] New dentist created with id: 1
[2022-07-10 22:24:11] [ INFO ] [Dentist:47] New dentist created with id: 2
[2022-07-10 22:24:58] [ INFO ] [Dentist:49] New patient created with id: 1
[2022-07-10 22:26:11] [ INFO ] [AppointmentController:70] Appointment with id: '1' has been successfully deleted from the database
[2022-07-10 22:29:53] [ INFO ] [Dentist:47] New dentist created with id: 1
[2022-07-10 22:30:06] [ INFO ] [Dentist:49] New patient created with id: 1
[2022-07-10 22:33:35] [ INFO ] [Dentist:47] New dentist created with id: 1
